<?xml version="1.0" encoding="UTF-8"?>
<!-- Generated by org.testng.reporters.JUnitXMLReporter -->
<testsuite ignored="0" hostname="LAPTOP-VJLTA5G6" failures="0" tests="3" name="ChromeTest" time="16.434" errors="0" timestamp="2026-03-23T06:30:57 GST">
  <testcase classname="testscripts.ManageNewsTest" name="verifyUserIsAbleTOAddNewNews" time="4.195"/>
  <testcase classname="testscripts.ManageNewsTest" name="verifyUserIsAbleTOSearchNews" time="1.622"/>
  <testcase classname="testscripts.ManageNewsTest" name="verifyUserIsAbleToResetNews" time="1.7"/>
</testsuite> <!-- ChromeTest -->
