<?xml version="1.0" encoding="UTF-8"?>
<!-- Generated by org.testng.reporters.JUnitXMLReporter -->
<testsuite ignored="2" hostname="LAPTOP-VJLTA5G6" failures="0" tests="1" name="Test" time="8.602" errors="0" timestamp="2026-03-19T22:58:00 GST">
  <testcase classname="testscripts.ManageNewsTest" name="verifyUserIsAbleTOAddNewNews" time="3.502"/>
  <testcase classname="testscripts.ManageNewsTest" name="verifyUserIsAbleTOSearchNews" time="0.0">
    <ignored/>
  </testcase> <!-- verifyUserIsAbleTOSearchNews -->
  <testcase classname="testscripts.ManageNewsTest" name="verifyUserIsAbleToResetNews" time="0.0">
    <ignored/>
  </testcase> <!-- verifyUserIsAbleToResetNews -->
</testsuite> <!-- Test -->
