<?xml version="1.0" encoding="UTF-8"?>
<!-- Generated by org.testng.reporters.JUnitXMLReporter -->
<testsuite ignored="0" hostname="LAPTOP-VJLTA5G6" failures="0" tests="3" name="Test1" time="22.073" errors="0" timestamp="2026-03-23T21:06:23 GST">
  <testcase classname="testscripts.ManageNewsTest" name="verifyUserIsAbleTOAddNewNews" time="5.228"/>
  <testcase classname="testscripts.ManageNewsTest" name="verifyUserIsAbleTOSearchNews" time="2.336"/>
  <testcase classname="testscripts.ManageNewsTest" name="verifyUserIsAbleToResetNews" time="2.359"/>
</testsuite> <!-- Test1 -->
