<?xml version="1.0" encoding="UTF-8"?>
<!-- Generated by org.testng.reporters.JUnitReportReporter -->
<testsuite hostname="LAPTOP-VJLTA5G6" failures="0" tests="4" name="testscripts.LoginTest" time="16.375" errors="0" timestamp="2026-03-18T05:40:37 GST" skipped="0">
  <testcase classname="testscripts.LoginTest" name="verifyUserLoginWithValidCredentials" time="4.997"/>
  <testcase classname="testscripts.LoginTest" name="verifyUserLoginWithValidUsernameAndInvalidPassword" time="3.384"/>
  <testcase classname="testscripts.LoginTest" name="verifyUserLoginWithInvalidUsernameAndValidPassword" time="3.656"/>
  <testcase classname="testscripts.LoginTest" name="verifyUserLoginWithInvalidCredentials" time="4.338"/>
</testsuite> <!-- testscripts.LoginTest -->
