<?xml version="1.0" encoding="UTF-8"?>
<!-- Generated by org.testng.reporters.JUnitReportReporter -->
<testsuite hostname="LAPTOP-VJLTA5G6" failures="0" tests="3" name="testscripts.ManageNewsTest" time="21.936" errors="0" timestamp="2026-03-23T21:06:36 GST" skipped="0">
  <testcase classname="testscripts.ManageNewsTest" name="verifyUserIsAbleTOAddNewNews" time="10.389"/>
  <testcase classname="testscripts.ManageNewsTest" name="verifyUserIsAbleTOSearchNews" time="6.276"/>
  <testcase classname="testscripts.ManageNewsTest" name="verifyUserIsAbleToResetNews" time="5.271"/>
</testsuite> <!-- testscripts.ManageNewsTest -->
