<?xml version="1.0" encoding="UTF-8"?>
<!-- Generated by org.testng.reporters.JUnitXMLReporter -->
<testsuite ignored="2" hostname="LAPTOP-VJLTA5G6" failures="0" tests="1" name="Default test" time="4.872" errors="0" timestamp="2026-03-22T15:03:15 GST">
  <testcase classname="testscripts.ManageNewsTest" name="verifyUserIsAbleToResetNews" time="2.178"/>
  <testcase classname="testscripts.ManageNewsTest" name="verifyUserIsAbleTOAddNewNews" time="0.0">
    <ignored/>
  </testcase> <!-- verifyUserIsAbleTOAddNewNews -->
  <testcase classname="testscripts.ManageNewsTest" name="verifyUserIsAbleTOSearchNews" time="0.0">
    <ignored/>
  </testcase> <!-- verifyUserIsAbleTOSearchNews -->
</testsuite> <!-- Default test -->
