<?xml version="1.0" encoding="UTF-8"?>
<!-- Generated by org.testng.reporters.JUnitXMLReporter -->
<testsuite ignored="2" hostname="LAPTOP-VJLTA5G6" failures="0" tests="1" name="Default test" time="7.423" errors="0" timestamp="2026-03-18T22:12:16 GST">
  <testcase classname="testscripts.ManageNewsTest" name="verifyUserIsAbleToResetNews" time="3.834"/>
  <testcase classname="testscripts.ManageNewsTest" name="verifyUserIsAbleTOAddNewNews" time="0.0">
    <ignored/>
  </testcase> <!-- verifyUserIsAbleTOAddNewNews -->
  <testcase classname="testscripts.ManageNewsTest" name="verifyUserIsAbleTOSearchNews" time="0.0">
    <ignored/>
  </testcase> <!-- verifyUserIsAbleTOSearchNews -->
</testsuite> <!-- Default test -->
